# JRE version: OpenJDK Runtime Environment (11.0.13) (build 11.0.13+0-b1751.21-8125866)
# Java VM: OpenJDK 64-Bit Server VM (11.0.13+0-b1751.21-8125866, mixed mode, tiered, compressed oops, g1 gc, windows-amd64)
Heap:
 garbage-first heap   total 751616K, used 315392K [0x0000000080000000, 0x0000000100000000)
  region size 1024K, 3 young (3072K), 3 survivors (3072K)
 Metaspace       used 143790K, capacity 148037K, committed 148252K, reserved 1177600K
  class space    used 18094K, capacity 19625K, committed 19660K, reserved 1048576K
GC Heap History (20 events):
Event: 160.911 GC heap after
{Heap after GC invocations=86 (full 0):
 garbage-first heap   total 270336K, used 234639K [0x0000000080000000, 0x0000000100000000)
  region size 1024K, 2 young (2048K), 2 survivors (2048K)
 Metaspace       used 142418K, capacity 146579K, committed 146716K, reserved 1177600K
  class space    used 17830K, capacity 19357K, committed 19404K, reserved 1048576K
}
Event: 161.051 GC heap before
{Heap before GC invocations=86 (full 0):
 garbage-first heap   total 270336K, used 254095K [0x0000000080000000, 0x0000000100000000)
  region size 1024K, 13 young (13312K), 2 survivors (2048K)
 Metaspace       used 142519K, capacity 146715K, committed 146972K, reserved 1177600K
  class space    used 17835K, capacity 19359K, committed 19404K, reserved 1048576K
}
Event: 161.057 GC heap after
{Heap after GC invocations=87 (full 0):
 garbage-first heap   total 270336K, used 242224K [0x0000000080000000, 0x0000000100000000)
  region size 1024K, 2 young (2048K), 2 survivors (2048K)
 Metaspace       used 142519K, capacity 146715K, committed 146972K, reserved 1177600K
  class space    used 17835K, capacity 19359K, committed 19404K, reserved 1048576K
}
Event: 161.180 GC heap before
{Heap before GC invocations=87 (full 0):
 garbage-first heap   total 270336K, used 252464K [0x0000000080000000, 0x0000000100000000)
  region size 1024K, 13 young (13312K), 2 survivors (2048K)
 Metaspace       used 142525K, capacity 146715K, committed 146972K, reserved 1177600K
  class space    used 17835K, capacity 19359K, committed 19404K, reserved 1048576K
}
Event: 161.194 GC heap after
{Heap after GC invocations=88 (full 0):
 garbage-first heap   total 270336K, used 247782K [0x0000000080000000, 0x0000000100000000)
  region size 1024K, 2 young (2048K), 2 survivors (2048K)
 Metaspace       used 142525K, capacity 146715K, committed 146972K, reserved 1177600K
  class space    used 17835K, capacity 19359K, committed 19404K, reserved 1048576K
}
Event: 161.312 GC heap before
{Heap before GC invocations=88 (full 0):
 garbage-first heap   total 270336K, used 258022K [0x0000000080000000, 0x0000000100000000)
  region size 1024K, 13 young (13312K), 2 survivors (2048K)
 Metaspace       used 142526K, capacity 146715K, committed 146972K, reserved 1177600K
  class space    used 17835K, capacity 19359K, committed 19404K, reserved 1048576K
}
Event: 161.330 GC heap after
{Heap after GC invocations=89 (full 0):
 garbage-first heap   total 270336K, used 252573K [0x0000000080000000, 0x0000000100000000)
  region size 1024K, 2 young (2048K), 2 survivors (2048K)
 Metaspace       used 142526K, capacity 146715K, committed 146972K, reserved 1177600K
  class space    used 17835K, capacity 19359K, committed 19404K, reserved 1048576K
}
Event: 161.547 GC heap before
{Heap before GC invocations=89 (full 0):
 garbage-first heap   total 270336K, used 264861K [0x0000000080000000, 0x0000000100000000)
  region size 1024K, 13 young (13312K), 2 survivors (2048K)
 Metaspace       used 142526K, capacity 146715K, committed 146972K, reserved 1177600K
  class space    used 17835K, capacity 19359K, committed 19404K, reserved 1048576K
}
Event: 161.567 GC heap after
{Heap after GC invocations=90 (full 0):
 garbage-first heap   total 271360K, used 257947K [0x0000000080000000, 0x0000000100000000)
  region size 1024K, 2 young (2048K), 2 survivors (2048K)
 Metaspace       used 142526K, capacity 146715K, committed 146972K, reserved 1177600K
  class space    used 17835K, capacity 19359K, committed 19404K, reserved 1048576K
}
Event: 161.696 GC heap before
{Heap before GC invocations=90 (full 0):
 garbage-first heap   total 271360K, used 269211K [0x0000000080000000, 0x0000000100000000)
  region size 1024K, 13 young (13312K), 2 survivors (2048K)
 Metaspace       used 142526K, capacity 146715K, committed 146972K, reserved 1177600K
  class space    used 17835K, capacity 19359K, committed 19404K, reserved 1048576K
}
Event: 161.722 GC heap after
{Heap after GC invocations=91 (full 0):
 garbage-first heap   total 277504K, used 263733K [0x0000000080000000, 0x0000000100000000)
  region size 1024K, 2 young (2048K), 2 survivors (2048K)
 Metaspace       used 142526K, capacity 146715K, committed 146972K, reserved 1177600K
  class space    used 17835K, capacity 19359K, committed 19404K, reserved 1048576K
}
Event: 161.854 GC heap before
{Heap before GC invocations=92 (full 0):
 garbage-first heap   total 277504K, used 274997K [0x0000000080000000, 0x0000000100000000)
  region size 1024K, 13 young (13312K), 2 survivors (2048K)
 Metaspace       used 142526K, capacity 146715K, committed 146972K, reserved 1177600K
  class space    used 17835K, capacity 19359K, committed 19404K, reserved 1048576K
}
Event: 161.885 GC heap after
{Heap after GC invocations=93 (full 0):
 garbage-first heap   total 380928K, used 268288K [0x0000000080000000, 0x0000000100000000)
  region size 1024K, 2 young (2048K), 2 survivors (2048K)
 Metaspace       used 142526K, capacity 146715K, committed 146972K, reserved 1177600K
  class space    used 17835K, capacity 19359K, committed 19404K, reserved 1048576K
}
Event: 162.551 GC heap before
{Heap before GC invocations=93 (full 0):
 garbage-first heap   total 380928K, used 299008K [0x0000000080000000, 0x0000000100000000)
  region size 1024K, 32 young (32768K), 2 survivors (2048K)
 Metaspace       used 143761K, capacity 147968K, committed 148252K, reserved 1177600K
  class space    used 18094K, capacity 19625K, committed 19660K, reserved 1048576K
}
Event: 162.592 GC heap after
{Heap after GC invocations=94 (full 0):
 garbage-first heap   total 380928K, used 282624K [0x0000000080000000, 0x0000000100000000)
  region size 1024K, 4 young (4096K), 4 survivors (4096K)
 Metaspace       used 143761K, capacity 147968K, committed 148252K, reserved 1177600K
  class space    used 18094K, capacity 19625K, committed 19660K, reserved 1048576K
}
Event: 162.832 GC heap before
{Heap before GC invocations=94 (full 0):
 garbage-first heap   total 380928K, used 308224K [0x0000000080000000, 0x0000000100000000)
  region size 1024K, 29 young (29696K), 4 survivors (4096K)
 Metaspace       used 143784K, capacity 147972K, committed 148252K, reserved 1177600K
  class space    used 18094K, capacity 19625K, committed 19660K, reserved 1048576K
}
Event: 162.881 GC heap after
{Heap after GC invocations=95 (full 0):
 garbage-first heap   total 380928K, used 295880K [0x0000000080000000, 0x0000000100000000)
  region size 1024K, 4 young (4096K), 4 survivors (4096K)
 Metaspace       used 143784K, capacity 147972K, committed 148252K, reserved 1177600K
  class space    used 18094K, capacity 19625K, committed 19660K, reserved 1048576K
}
Event: 163.240 GC heap before
{Heap before GC invocations=95 (full 0):
 garbage-first heap   total 380928K, used 315336K [0x0000000080000000, 0x0000000100000000)
  region size 1024K, 23 young (23552K), 4 survivors (4096K)
 Metaspace       used 143786K, capacity 147973K, committed 148252K, reserved 1177600K
  class space    used 18094K, capacity 19625K, committed 19660K, reserved 1048576K
}
Event: 163.280 GC heap after
{Heap after GC invocations=96 (full 0):
 garbage-first heap   total 380928K, used 306176K [0x0000000080000000, 0x0000000100000000)
  region size 1024K, 3 young (3072K), 3 survivors (3072K)
 Metaspace       used 143786K, capacity 147973K, committed 148252K, reserved 1177600K
  class space    used 18094K, capacity 19625K, committed 19660K, reserved 1048576K
}
Event: 163.590 GC heap before
{Heap before GC invocations=96 (full 0):
 garbage-first heap   total 380928K, used 321536K [0x0000000080000000, 0x0000000100000000)
  region size 1024K, 18 young (18432K), 3 survivors (3072K)
 Metaspace       used 143790K, capacity 148037K, committed 148252K, reserved 1177600K
  class space    used 18094K, capacity 19625K, committed 19660K, reserved 1048576K
}

