# JRE version: OpenJDK Runtime Environment (11.0.13) (build 11.0.13+0-b1751.21-8125866)
# Java VM: OpenJDK 64-Bit Server VM (11.0.13+0-b1751.21-8125866, mixed mode, tiered, compressed oops, g1 gc, windows-amd64)
Heap:
 garbage-first heap   total 617472K, used 267776K [0x0000000080000000, 0x0000000100000000)
  region size 1024K, 4 young (4096K), 4 survivors (4096K)
 Metaspace       used 156685K, capacity 161001K, committed 161232K, reserved 1189888K
  class space    used 18461K, capacity 20063K, committed 20096K, reserved 1048576K
GC Heap History (20 events):
Event: 3935.875 GC heap after
{Heap after GC invocations=155 (full 0):
 garbage-first heap   total 225280K, used 136711K [0x0000000080000000, 0x0000000100000000)
  region size 1024K, 1 young (1024K), 1 survivors (1024K)
 Metaspace       used 155852K, capacity 160180K, committed 160464K, reserved 1189888K
  class space    used 18415K, capacity 20002K, committed 20096K, reserved 1048576K
}
Event: 3936.088 GC heap before
{Heap before GC invocations=155 (full 0):
 garbage-first heap   total 225280K, used 146951K [0x0000000080000000, 0x0000000100000000)
  region size 1024K, 11 young (11264K), 1 survivors (1024K)
 Metaspace       used 156014K, capacity 160346K, committed 160464K, reserved 1189888K
  class space    used 18429K, capacity 20035K, committed 20096K, reserved 1048576K
}
Event: 3936.109 GC heap after
{Heap after GC invocations=156 (full 0):
 garbage-first heap   total 225280K, used 136262K [0x0000000080000000, 0x0000000100000000)
  region size 1024K, 1 young (1024K), 1 survivors (1024K)
 Metaspace       used 156014K, capacity 160346K, committed 160464K, reserved 1189888K
  class space    used 18429K, capacity 20035K, committed 20096K, reserved 1048576K
}
Event: 3937.301 GC heap before
{Heap before GC invocations=156 (full 0):
 garbage-first heap   total 225280K, used 179270K [0x0000000080000000, 0x0000000100000000)
  region size 1024K, 44 young (45056K), 1 survivors (1024K)
 Metaspace       used 156180K, capacity 160497K, committed 160720K, reserved 1189888K
  class space    used 18436K, capacity 20039K, committed 20096K, reserved 1048576K
}
Event: 3937.317 GC heap after
{Heap after GC invocations=157 (full 0):
 garbage-first heap   total 293888K, used 139392K [0x0000000080000000, 0x0000000100000000)
  region size 1024K, 4 young (4096K), 4 survivors (4096K)
 Metaspace       used 156180K, capacity 160497K, committed 160720K, reserved 1189888K
  class space    used 18436K, capacity 20039K, committed 20096K, reserved 1048576K
}
Event: 3941.180 GC heap before
{Heap before GC invocations=158 (full 0):
 garbage-first heap   total 293888K, used 253056K [0x0000000080000000, 0x0000000100000000)
  region size 1024K, 75 young (76800K), 4 survivors (4096K)
 Metaspace       used 156320K, capacity 160610K, committed 160720K, reserved 1189888K
  class space    used 18452K, capacity 20049K, committed 20096K, reserved 1048576K
}
Event: 3941.215 GC heap after
{Heap after GC invocations=159 (full 0):
 garbage-first heap   total 293888K, used 187558K [0x0000000080000000, 0x0000000100000000)
  region size 1024K, 10 young (10240K), 10 survivors (10240K)
 Metaspace       used 156320K, capacity 160610K, committed 160720K, reserved 1189888K
  class space    used 18452K, capacity 20049K, committed 20096K, reserved 1048576K
}
Event: 3941.233 GC heap before
{Heap before GC invocations=159 (full 0):
 garbage-first heap   total 293888K, used 190630K [0x0000000080000000, 0x0000000100000000)
  region size 1024K, 14 young (14336K), 10 survivors (10240K)
 Metaspace       used 156320K, capacity 160610K, committed 160720K, reserved 1189888K
  class space    used 18452K, capacity 20049K, committed 20096K, reserved 1048576K
}
Event: 3941.264 GC heap after
{Heap after GC invocations=160 (full 0):
 garbage-first heap   total 293888K, used 180908K [0x0000000080000000, 0x0000000100000000)
  region size 1024K, 2 young (2048K), 2 survivors (2048K)
 Metaspace       used 156320K, capacity 160610K, committed 160720K, reserved 1189888K
  class space    used 18452K, capacity 20049K, committed 20096K, reserved 1048576K
}
Event: 3941.290 GC heap before
{Heap before GC invocations=160 (full 0):
 garbage-first heap   total 293888K, used 186028K [0x0000000080000000, 0x0000000100000000)
  region size 1024K, 8 young (8192K), 2 survivors (2048K)
 Metaspace       used 156320K, capacity 160610K, committed 160720K, reserved 1189888K
  class space    used 18452K, capacity 20049K, committed 20096K, reserved 1048576K
}
Event: 3941.310 GC heap after
{Heap after GC invocations=161 (full 0):
 garbage-first heap   total 293888K, used 182893K [0x0000000080000000, 0x0000000100000000)
  region size 1024K, 4 young (4096K), 4 survivors (4096K)
 Metaspace       used 156320K, capacity 160610K, committed 160720K, reserved 1189888K
  class space    used 18452K, capacity 20049K, committed 20096K, reserved 1048576K
}
Event: 3941.968 GC heap before
{Heap before GC invocations=161 (full 0):
 garbage-first heap   total 293888K, used 224877K [0x0000000080000000, 0x0000000100000000)
  region size 1024K, 43 young (44032K), 4 survivors (4096K)
 Metaspace       used 156421K, capacity 160681K, committed 160976K, reserved 1189888K
  class space    used 18452K, capacity 20049K, committed 20096K, reserved 1048576K
}
Event: 3942.052 GC heap after
{Heap after GC invocations=162 (full 0):
 garbage-first heap   total 353280K, used 202662K [0x0000000080000000, 0x0000000100000000)
  region size 1024K, 6 young (6144K), 6 survivors (6144K)
 Metaspace       used 156421K, capacity 160681K, committed 160976K, reserved 1189888K
  class space    used 18452K, capacity 20049K, committed 20096K, reserved 1048576K
}
Event: 3942.672 GC heap before
{Heap before GC invocations=163 (full 0):
 garbage-first heap   total 353280K, used 256934K [0x0000000080000000, 0x0000000100000000)
  region size 1024K, 59 young (60416K), 6 survivors (6144K)
 Metaspace       used 156453K, capacity 160750K, committed 160976K, reserved 1189888K
  class space    used 18453K, capacity 20050K, committed 20096K, reserved 1048576K
}
Event: 3942.759 GC heap after
{Heap after GC invocations=164 (full 0):
 garbage-first heap   total 353280K, used 230400K [0x0000000080000000, 0x0000000100000000)
  region size 1024K, 8 young (8192K), 8 survivors (8192K)
 Metaspace       used 156453K, capacity 160750K, committed 160976K, reserved 1189888K
  class space    used 18453K, capacity 20050K, committed 20096K, reserved 1048576K
}
Event: 3943.167 GC heap before
{Heap before GC invocations=164 (full 0):
 garbage-first heap   total 353280K, used 271360K [0x0000000080000000, 0x0000000100000000)
  region size 1024K, 48 young (49152K), 8 survivors (8192K)
 Metaspace       used 156479K, capacity 160751K, committed 160976K, reserved 1189888K
  class space    used 18453K, capacity 20050K, committed 20096K, reserved 1048576K
}
Event: 3943.243 GC heap after
{Heap after GC invocations=165 (full 0):
 garbage-first heap   total 353280K, used 252416K [0x0000000080000000, 0x0000000100000000)
  region size 1024K, 6 young (6144K), 6 survivors (6144K)
 Metaspace       used 156479K, capacity 160751K, committed 160976K, reserved 1189888K
  class space    used 18453K, capacity 20050K, committed 20096K, reserved 1048576K
}
Event: 3944.465 GC heap before
{Heap before GC invocations=165 (full 0):
 garbage-first heap   total 353280K, used 282112K [0x0000000080000000, 0x0000000100000000)
  region size 1024K, 35 young (35840K), 6 survivors (6144K)
 Metaspace       used 156553K, capacity 160887K, committed 160976K, reserved 1189888K
  class space    used 18454K, capacity 20052K, committed 20096K, reserved 1048576K
}
Event: 3944.505 GC heap after
{Heap after GC invocations=166 (full 0):
 garbage-first heap   total 353280K, used 263168K [0x0000000080000000, 0x0000000100000000)
  region size 1024K, 5 young (5120K), 5 survivors (5120K)
 Metaspace       used 156553K, capacity 160887K, committed 160976K, reserved 1189888K
  class space    used 18454K, capacity 20052K, committed 20096K, reserved 1048576K
}
Event: 3945.308 GC heap before
{Heap before GC invocations=167 (full 0):
 garbage-first heap   total 353280K, used 287744K [0x0000000080000000, 0x0000000100000000)
  region size 1024K, 30 young (30720K), 5 survivors (5120K)
 Metaspace       used 156685K, capacity 161001K, committed 161232K, reserved 1189888K
  class space    used 18461K, capacity 20063K, committed 20096K, reserved 1048576K
}

