# JRE version: OpenJDK Runtime Environment (11.0.13) (build 11.0.13+0-b1751.21-8125866)
# Java VM: OpenJDK 64-Bit Server VM (11.0.13+0-b1751.21-8125866, mixed mode, tiered, compressed oops, g1 gc, windows-amd64)
Heap:
 garbage-first heap   total 479232K, used 354304K [0x0000000080000000, 0x0000000100000000)
  region size 1024K, 3 young (3072K), 3 survivors (3072K)
 Metaspace       used 153314K, capacity 159071K, committed 159424K, reserved 1187840K
  class space    used 18622K, capacity 20597K, committed 20716K, reserved 1048576K
GC Heap History (20 events):
Event: 2908.239 GC heap after
{Heap after GC invocations=135 (full 0):
 garbage-first heap   total 411648K, used 233501K [0x0000000080000000, 0x0000000100000000)
  region size 1024K, 8 young (8192K), 8 survivors (8192K)
 Metaspace       used 146500K, capacity 152076K, committed 152384K, reserved 1181696K
  class space    used 17594K, capacity 19501K, committed 19564K, reserved 1048576K
}
Event: 2911.306 GC heap before
{Heap before GC invocations=136 (full 0):
 garbage-first heap   total 411648K, used 308253K [0x0000000080000000, 0x0000000100000000)
  region size 1024K, 83 young (84992K), 8 survivors (8192K)
 Metaspace       used 146894K, capacity 152512K, committed 152640K, reserved 1183744K
  class space    used 17638K, capacity 19549K, committed 19564K, reserved 1048576K
}
Event: 2911.336 GC heap after
{Heap after GC invocations=137 (full 0):
 garbage-first heap   total 411648K, used 236494K [0x0000000080000000, 0x0000000100000000)
  region size 1024K, 9 young (9216K), 9 survivors (9216K)
 Metaspace       used 146894K, capacity 152512K, committed 152640K, reserved 1183744K
  class space    used 17638K, capacity 19549K, committed 19564K, reserved 1048576K
}
Event: 2912.022 GC heap before
{Heap before GC invocations=137 (full 0):
 garbage-first heap   total 411648K, used 248782K [0x0000000080000000, 0x0000000100000000)
  region size 1024K, 20 young (20480K), 9 survivors (9216K)
 Metaspace       used 147485K, capacity 153106K, committed 153280K, reserved 1183744K
  class space    used 17701K, capacity 19609K, committed 19692K, reserved 1048576K
}
Event: 2912.050 GC heap after
{Heap after GC invocations=138 (full 0):
 garbage-first heap   total 411648K, used 227567K [0x0000000080000000, 0x0000000100000000)
  region size 1024K, 2 young (2048K), 2 survivors (2048K)
 Metaspace       used 147485K, capacity 153106K, committed 153280K, reserved 1183744K
  class space    used 17701K, capacity 19609K, committed 19692K, reserved 1048576K
}
Event: 2912.157 GC heap before
{Heap before GC invocations=138 (full 0):
 garbage-first heap   total 411648K, used 227567K [0x0000000080000000, 0x0000000100000000)
  region size 1024K, 3 young (3072K), 2 survivors (2048K)
 Metaspace       used 147505K, capacity 153170K, committed 153280K, reserved 1183744K
  class space    used 17702K, capacity 19609K, committed 19692K, reserved 1048576K
}
Event: 2912.166 GC heap after
{Heap after GC invocations=139 (full 0):
 garbage-first heap   total 411648K, used 227146K [0x0000000080000000, 0x0000000100000000)
  region size 1024K, 1 young (1024K), 1 survivors (1024K)
 Metaspace       used 147505K, capacity 153170K, committed 153280K, reserved 1183744K
  class space    used 17702K, capacity 19609K, committed 19692K, reserved 1048576K
}
Event: 2917.046 GC heap before
{Heap before GC invocations=140 (full 0):
 garbage-first heap   total 411648K, used 354122K [0x0000000080000000, 0x0000000100000000)
  region size 1024K, 84 young (86016K), 1 survivors (1024K)
 Metaspace       used 151023K, capacity 156735K, committed 156864K, reserved 1185792K
  class space    used 18190K, capacity 20133K, committed 20204K, reserved 1048576K
}
Event: 2917.101 GC heap after
{Heap after GC invocations=141 (full 0):
 garbage-first heap   total 411648K, used 283567K [0x0000000080000000, 0x0000000100000000)
  region size 1024K, 11 young (11264K), 11 survivors (11264K)
 Metaspace       used 151023K, capacity 156735K, committed 156864K, reserved 1185792K
  class space    used 18190K, capacity 20133K, committed 20204K, reserved 1048576K
}
Event: 2917.265 GC heap before
{Heap before GC invocations=141 (full 0):
 garbage-first heap   total 411648K, used 291759K [0x0000000080000000, 0x0000000100000000)
  region size 1024K, 20 young (20480K), 11 survivors (11264K)
 Metaspace       used 151023K, capacity 156735K, committed 156864K, reserved 1185792K
  class space    used 18190K, capacity 20133K, committed 20204K, reserved 1048576K
}
Event: 2917.308 GC heap after
{Heap after GC invocations=142 (full 0):
 garbage-first heap   total 411648K, used 285062K [0x0000000080000000, 0x0000000100000000)
  region size 1024K, 3 young (3072K), 3 survivors (3072K)
 Metaspace       used 151023K, capacity 156735K, committed 156864K, reserved 1185792K
  class space    used 18190K, capacity 20133K, committed 20204K, reserved 1048576K
}
Event: 2918.205 GC heap before
{Heap before GC invocations=142 (full 0):
 garbage-first heap   total 411648K, used 334214K [0x0000000080000000, 0x0000000100000000)
  region size 1024K, 51 young (52224K), 3 survivors (3072K)
 Metaspace       used 153361K, capacity 159195K, committed 159424K, reserved 1187840K
  class space    used 18646K, capacity 20655K, committed 20716K, reserved 1048576K
}
Event: 2918.265 GC heap after
{Heap after GC invocations=143 (full 0):
 garbage-first heap   total 411648K, used 305071K [0x0000000080000000, 0x0000000100000000)
  region size 1024K, 7 young (7168K), 7 survivors (7168K)
 Metaspace       used 153361K, capacity 159195K, committed 159424K, reserved 1187840K
  class space    used 18646K, capacity 20655K, committed 20716K, reserved 1048576K
}
Event: 2918.899 GC heap before
{Heap before GC invocations=143 (full 0):
 garbage-first heap   total 411648K, used 340911K [0x0000000080000000, 0x0000000100000000)
  region size 1024K, 42 young (43008K), 7 survivors (7168K)
 Metaspace       used 153417K, capacity 159267K, committed 159424K, reserved 1187840K
  class space    used 18647K, capacity 20656K, committed 20716K, reserved 1048576K
}
Event: 2918.971 GC heap after
{Heap after GC invocations=144 (full 0):
 garbage-first heap   total 411648K, used 323072K [0x0000000080000000, 0x0000000100000000)
  region size 1024K, 6 young (6144K), 6 survivors (6144K)
 Metaspace       used 153417K, capacity 159267K, committed 159424K, reserved 1187840K
  class space    used 18647K, capacity 20656K, committed 20716K, reserved 1048576K
}
Event: 2919.363 GC heap before
{Heap before GC invocations=144 (full 0):
 garbage-first heap   total 411648K, used 345600K [0x0000000080000000, 0x0000000100000000)
  region size 1024K, 29 young (29696K), 6 survivors (6144K)
 Metaspace       used 153313K, capacity 159071K, committed 159424K, reserved 1187840K
  class space    used 18622K, capacity 20597K, committed 20716K, reserved 1048576K
}
Event: 2919.399 GC heap after
{Heap after GC invocations=145 (full 0):
 garbage-first heap   total 411648K, used 335872K [0x0000000080000000, 0x0000000100000000)
  region size 1024K, 4 young (4096K), 4 survivors (4096K)
 Metaspace       used 153313K, capacity 159071K, committed 159424K, reserved 1187840K
  class space    used 18622K, capacity 20597K, committed 20716K, reserved 1048576K
}
Event: 2919.595 GC heap before
{Heap before GC invocations=145 (full 0):
 garbage-first heap   total 411648K, used 352256K [0x0000000080000000, 0x0000000100000000)
  region size 1024K, 20 young (20480K), 4 survivors (4096K)
 Metaspace       used 153313K, capacity 159071K, committed 159424K, reserved 1187840K
  class space    used 18622K, capacity 20597K, committed 20716K, reserved 1048576K
}
Event: 2919.639 GC heap after
{Heap after GC invocations=146 (full 0):
 garbage-first heap   total 411648K, used 344576K [0x0000000080000000, 0x0000000100000000)
  region size 1024K, 3 young (3072K), 3 survivors (3072K)
 Metaspace       used 153313K, capacity 159071K, committed 159424K, reserved 1187840K
  class space    used 18622K, capacity 20597K, committed 20716K, reserved 1048576K
}
Event: 2919.842 GC heap before
{Heap before GC invocations=147 (full 0):
 garbage-first heap   total 411648K, used 361984K [0x0000000080000000, 0x0000000100000000)
  region size 1024K, 20 young (20480K), 3 survivors (3072K)
 Metaspace       used 153314K, capacity 159071K, committed 159424K, reserved 1187840K
  class space    used 18622K, capacity 20597K, committed 20716K, reserved 1048576K
}

